v8-version,11,3,244,8,-node.19,0
v8-platform,windows,unknown
new,CodeRange,0x7ff67fc80000,0
new,MemoryChunk,0x2ef7d5c0000,262144
new,MemoryChunk,0x12ed8f40000,262144
new,MemoryChunk,0x1d51f100000,262144
new,MemoryChunk,0x37f56ac0000,262144
new,MemoryChunk,0x38ba7840000,262144
heap-capacity,1030880
heap-available,2198828480
new,MemoryChunk,0x20b6f7c0000,262144
new,MemoryChunk,0x21649840000,270336
new,MemoryChunk,0x321bef00000,262144
new,MemoryChunk,0xeb6b8c0000,262144
new,MemoryChunk,0x2b9c8280000,262144
new,MemoryChunk,0x349d2b40000,262144
new,MemoryChunk,0x753d040000,262144
new,MemoryChunk,0xda28540000,262144
new,MemoryChunk,0x29204040000,262144
new,MemoryChunk,0x1d6ee540000,262144
new,MemoryChunk,0x3f038d80000,262144
new,MemoryChunk,0x17cb4c00000,262144
new,MemoryChunk,0x7ff67fcc0000,262144
new,MemoryChunk,0x32571f80000,262144
